<?xml version="1.0" encoding="UTF-8"?>
<!-- Generated by org.testng.reporters.JUnitReportReporter -->
<testsuite hostname="loadrunner-PC" name="day12_frames.Paytm_Frames" tests="1" failures="0" timestamp="5 Jan 2017 06:51:20 GMT" time="29.269" errors="0">
  <testcase name="f" time="29.269" classname="day12_frames.Paytm_Frames"/>
</testsuite> <!-- day12_frames.Paytm_Frames -->
