<?xml version="1.0" encoding="UTF-8"?>
<!-- Generated by org.testng.reporters.JUnitReportReporter -->
<testsuite hostname="loadrunner-PC" name="day21.ExplicitWait_Fluentwait" tests="1" failures="0" timestamp="31 Jan 2017 05:45:59 GMT" time="29.235" errors="0">
  <testcase name="waitTest" time="29.235" classname="day21.ExplicitWait_Fluentwait"/>
</testsuite> <!-- day21.ExplicitWait_Fluentwait -->
