<?xml version="1.0" encoding="UTF-8"?>
<!-- Generated by org.testng.reporters.JUnitReportReporter -->
<testsuite hostname="loadrunner-PC" name="day20.ScrollDown_JavaScript" tests="1" failures="0" timestamp="28 Jan 2017 04:41:52 GMT" time="17.756" errors="0">
  <testcase name="f" time="17.756" classname="day20.ScrollDown_JavaScript"/>
</testsuite> <!-- day20.ScrollDown_JavaScript -->
