<?xml version="1.0" encoding="UTF-8"?>
<!-- Generated by org.testng.reporters.JUnitReportReporter -->
<testsuite hostname="loadrunner-PC" name="day14_desktop.AutoIT_FileUpload" tests="1" failures="0" timestamp="9 Jan 2017 06:21:41 GMT" time="31.441" errors="0">
  <testcase name="f" time="31.441" classname="day14_desktop.AutoIT_FileUpload"/>
</testsuite> <!-- day14_desktop.AutoIT_FileUpload -->
