<?xml version="1.0" encoding="UTF-8"?>
<!-- Generated by org.testng.reporters.JUnitReportReporter -->
<testsuite hostname="loadrunner-PC" name="day20.Gmail_Aseert" tests="1" failures="0" timestamp="27 Jan 2017 06:03:17 GMT" time="11.276" errors="0">
  <testcase name="sush" time="11.276" classname="day20.Gmail_Aseert"/>
</testsuite> <!-- day20.Gmail_Aseert -->
