<?xml version="1.0" encoding="UTF-8"?>
<!-- Generated by org.testng.reporters.JUnitReportReporter -->
<testsuite hostname="loadrunner-PC" name="day11.Webtable12" tests="1" failures="0" timestamp="23 Jan 2017 05:40:08 GMT" time="33.564" errors="0">
  <testcase name="f" time="33.564" classname="day11.Webtable12"/>
</testsuite> <!-- day11.Webtable12 -->
