<?xml version="1.0" encoding="UTF-8"?>
<!-- Generated by org.testng.reporters.JUnitReportReporter -->
<testsuite hostname="loadrunner-PC" name="day15_Robot.Robot_FileDownload" tests="1" failures="0" timestamp="10 Jan 2017 06:03:11 GMT" time="16.769" errors="0">
  <testcase name="f" time="16.769" classname="day15_Robot.Robot_FileDownload"/>
</testsuite> <!-- day15_Robot.Robot_FileDownload -->
