<?xml version="1.0" encoding="UTF-8"?>
<!-- Generated by org.testng.reporters.JUnitReportReporter -->
<testsuite hostname="loadrunner-PC" name="testng.NewTest" tests="5" failures="0" timestamp="23 Jan 2017 05:40:08 GMT" time="0.001" errors="0">
  <testcase name="abn" time="0.000" classname="testng.NewTest"/>
  <testcase name="ag" time="0.000" classname="testng.NewTest"/>
  <testcase name="a" time="0.001" classname="testng.NewTest"/>
  <testcase name="f" time="0.000" classname="testng.NewTest"/>
  <testcase name="af" time="0.000" classname="testng.NewTest"/>
</testsuite> <!-- testng.NewTest -->
