<?xml version="1.0" encoding="UTF-8"?>
<!-- Generated by org.testng.reporters.JUnitReportReporter -->
<testsuite hostname="loadrunner-PC" name="testng.WebTable1" tests="2" failures="0" timestamp="23 Jan 2017 06:47:28 GMT" time="58.975" errors="0">
  <testcase name="f" time="24.921" classname="testng.WebTable1"/>
  <testcase name="f" time="34.054" classname="testng.WebTable1"/>
</testsuite> <!-- testng.WebTable1 -->
