<?xml version="1.0" encoding="UTF-8"?>
<!-- Generated by org.testng.reporters.JUnitReportReporter -->
<testsuite hostname="loadrunner-PC" name="day21.ExplicitWait_WebDriverwait" tests="1" failures="0" timestamp="31 Jan 2017 05:34:37 GMT" time="4.839" errors="0">
  <testcase name="waitTest" time="4.839" classname="day21.ExplicitWait_WebDriverwait"/>
</testsuite> <!-- day21.ExplicitWait_WebDriverwait -->
