<?xml version="1.0" encoding="UTF-8"?>
<!-- Generated by org.testng.reporters.JUnitReportReporter -->
<testsuite hostname="loadrunner-PC" name="day18_Excel.Excel_jxl" tests="1" failures="0" timestamp="24 Jan 2017 05:55:03 GMT" time="16.198" errors="0">
  <testcase name="f" time="16.198" classname="day18_Excel.Excel_jxl"/>
</testsuite> <!-- day18_Excel.Excel_jxl -->
