<?xml version="1.0" encoding="UTF-8"?>
<!-- Generated by org.testng.reporters.JUnitReportReporter -->
<testsuite hostname="loadrunner-PC" name="day18_Excel.execel1" tests="1" failures="0" timestamp="24 Jan 2017 07:15:48 GMT" time="23.203" errors="0">
  <testcase name="f" time="23.203" classname="day18_Excel.execel1"/>
</testsuite> <!-- day18_Excel.execel1 -->
