<?xml version="1.0" encoding="UTF-8"?>
<!-- Generated by org.testng.reporters.JUnitReportReporter -->
<testsuite hostname="loadrunner-PC" name="day15_Robot.UploadFile_Robot" tests="1" failures="0" timestamp="10 Jan 2017 06:39:59 GMT" time="28.536" errors="0">
  <testcase name="f" time="28.536" classname="day15_Robot.UploadFile_Robot"/>
</testsuite> <!-- day15_Robot.UploadFile_Robot -->
