<?xml version="1.0" encoding="UTF-8"?>
<!-- Generated by org.testng.reporters.JUnitReportReporter -->
<testsuite hostname="loadrunner-PC" name="com.HRM.TestExecution.datadriventesting" tests="1" failures="0" timestamp="3 Feb 2017 05:46:00 GMT" time="28.898" errors="0">
  <testcase name="f" time="28.898" classname="com.HRM.TestExecution.datadriventesting"/>
</testsuite> <!-- com.HRM.TestExecution.datadriventesting -->
