<?xml version="1.0" encoding="UTF-8"?>
<!-- Generated by org.testng.reporters.JUnitReportReporter -->
<testsuite hostname="loadrunner-PC" name="day13_windowHandle.Tours_Popup" tests="1" failures="0" timestamp="6 Jan 2017 05:47:05 GMT" time="45.602" errors="0">
  <testcase name="popup" time="45.602" classname="day13_windowHandle.Tours_Popup"/>
</testsuite> <!-- day13_windowHandle.Tours_Popup -->
