<?xml version="1.0" encoding="UTF-8"?>
<!-- Generated by org.testng.reporters.JUnitReportReporter -->
<testsuite hostname="loadrunner-PC" name="com.HRM.TestExecution.Test_Hybrid" tests="1" failures="0" timestamp="3 Feb 2017 07:50:10 GMT" time="21.489" errors="0">
  <testcase name="f" time="21.489" classname="com.HRM.TestExecution.Test_Hybrid"/>
</testsuite> <!-- com.HRM.TestExecution.Test_Hybrid -->
