<?xml version="1.0" encoding="UTF-8"?>
<!-- Generated by org.testng.reporters.JUnitReportReporter -->
<testsuite hostname="loadrunner-PC" name="com.HRM.TestExecution.LoginusingProperties" tests="1" failures="0" timestamp="1 Feb 2017 07:26:11 GMT" time="4.216" errors="0">
  <testcase name="loginTest" time="4.216" classname="com.HRM.TestExecution.LoginusingProperties"/>
</testsuite> <!-- com.HRM.TestExecution.LoginusingProperties -->
