<?xml version="1.0" encoding="UTF-8"?>
<!-- Generated by org.testng.reporters.JUnitReportReporter -->
<testsuite hostname="loadrunner-PC" name="day16.CokiesTesting" tests="1" failures="0" timestamp="18 Jan 2017 06:02:40 GMT" time="8.042" errors="0">
  <testcase name="cookiesTest" time="8.042" classname="day16.CokiesTesting"/>
</testsuite> <!-- day16.CokiesTesting -->
