<?xml version="1.0" encoding="UTF-8"?>
<!-- Generated by org.testng.reporters.JUnitReportReporter -->
<testsuite hostname="loadrunner-PC" name="pom_DataDriven.POMControl_Test" tests="1" failures="0" timestamp="7 Feb 2017 05:58:39 GMT" time="21.678" errors="0">
  <testcase name="pomTest" time="21.678" classname="pom_DataDriven.POMControl_Test"/>
</testsuite> <!-- pom_DataDriven.POMControl_Test -->
