<?xml version="1.0" encoding="UTF-8"?>
<!-- Generated by org.testng.reporters.JUnitReportReporter -->
<testsuite hostname="loadrunner-PC" name="com.HRM.TestExecution.LoginusingKeywords" tests="1" failures="0" timestamp="1 Feb 2017 06:34:37 GMT" time="14.080" errors="0">
  <testcase name="loginTest" time="14.080" classname="com.HRM.TestExecution.LoginusingKeywords"/>
</testsuite> <!-- com.HRM.TestExecution.LoginusingKeywords -->
