<?xml version="1.0" encoding="UTF-8"?>
<!-- Generated by org.testng.reporters.JUnitReportReporter -->
<testsuite hostname="loadrunner-PC" name="day14_desktop.DownloadFile_AutoIT" tests="1" failures="0" timestamp="9 Jan 2017 06:39:25 GMT" time="14.327" errors="0">
  <testcase name="f" time="14.327" classname="day14_desktop.DownloadFile_AutoIT"/>
</testsuite> <!-- day14_desktop.DownloadFile_AutoIT -->
