<?xml version="1.0" encoding="UTF-8"?>
<!-- Generated by org.testng.reporters.JUnitReportReporter -->
<testsuite hostname="loadrunner-PC" name="day13_windowHandle.Calander_Webtable" tests="1" failures="0" timestamp="6 Jan 2017 06:49:46 GMT" time="15.938" errors="0">
  <testcase name="calanderTest" time="15.938" classname="day13_windowHandle.Calander_Webtable"/>
</testsuite> <!-- day13_windowHandle.Calander_Webtable -->
