<?xml version="1.0" encoding="UTF-8"?>
<!-- Generated by org.testng.reporters.JUnitReportReporter -->
<testsuite hostname="loadrunner-PC" name="pom.POM_Execution" tests="1" failures="0" timestamp="6 Feb 2017 05:39:17 GMT" time="21.716" errors="0">
  <testcase name="f" time="21.716" classname="pom.POM_Execution"/>
</testsuite> <!-- pom.POM_Execution -->
