<?xml version="1.0" encoding="UTF-8"?>
<!-- Generated by org.testng.reporters.JUnitReportReporter -->
<testsuite hostname="loadrunner-PC" name="day15_Robot.Robot_Mouse" tests="1" failures="0" timestamp="10 Jan 2017 07:04:16 GMT" time="6.085" errors="0">
  <testcase name="f" time="6.085" classname="day15_Robot.Robot_Mouse"/>
</testsuite> <!-- day15_Robot.Robot_Mouse -->
