<?xml version="1.0" encoding="UTF-8"?>
<!-- Generated by org.testng.reporters.JUnitReportReporter -->
<testsuite hostname="loadrunner-PC" name="log4j.Implicit_Wait" tests="1" failures="0" timestamp="30 Jan 2017 06:40:33 GMT" time="10.671" errors="0">
  <testcase name="f" time="10.671" classname="log4j.Implicit_Wait"/>
</testsuite> <!-- log4j.Implicit_Wait -->
