<?xml version="1.0" encoding="UTF-8"?>
<!-- Generated by org.testng.reporters.JUnitReportReporter -->
<testsuite hostname="loadrunner-PC" name="day18_Excel.Excel_Poi_Login" tests="1" failures="0" timestamp="24 Jan 2017 06:13:56 GMT" time="15.096" errors="0">
  <testcase name="f" time="15.096" classname="day18_Excel.Excel_Poi_Login"/>
</testsuite> <!-- day18_Excel.Excel_Poi_Login -->
