<?xml version="1.0" encoding="UTF-8"?>
<!-- Generated by org.testng.reporters.JUnitReportReporter -->
<testsuite hostname="loadrunner-PC" name="day20.JavaScriptExecutor_Alert" tests="1" failures="0" timestamp="27 Jan 2017 06:29:19 GMT" time="9.072" errors="0">
  <testcase name="f" time="9.072" classname="day20.JavaScriptExecutor_Alert"/>
</testsuite> <!-- day20.JavaScriptExecutor_Alert -->
