<?xml version="1.0" encoding="UTF-8"?>
<!-- Generated by org.testng.reporters.JUnitReportReporter -->
<testsuite hostname="loadrunner-PC" name="day11.Dynamic" tests="1" failures="0" timestamp="4 Jan 2017 06:55:52 GMT" time="306.007" errors="0">
  <testcase name="f" time="306.007" classname="day11.Dynamic"/>
</testsuite> <!-- day11.Dynamic -->
